Using pre-set license
Built from '2020.3/staging' branch; Version is '2020.3.17f1 (a4537701e4ab) revision 10769271'; Using compiler version '192528614'; Build Type 'Release'
OS: 'Windows 10 Home; OS build 19042.1237; Version 2009; 64bit' Language: 'en' Physical Memory: 16159 MB
BatchMode: 1, IsHumanControllingUs: 0, StartBugReporterOnCrash: 0, Is64bit: 1, IsPro: 0

COMMAND LINE ARGUMENTS:
C:\Program Files\Unity\Hub\Editor\2020.3.17f1\Editor\Unity.exe
-adb2
-batchMode
-noUpm
-name
AssetImportWorker0
-projectPath
E:/FinalYear/GameJam/GameJam-SafetyGame/SafetyGame
-logFile
Logs/AssetImportWorker0.log
-srvPort
57561
Successfully changed project path to: E:/FinalYear/GameJam/GameJam-SafetyGame/SafetyGame
E:/FinalYear/GameJam/GameJam-SafetyGame/SafetyGame
Using Asset Import Pipeline V2.
Refreshing native plugins compatible for Editor in 59.73 ms, found 2 plugins.
Preloading 0 native plugins for Editor in 0.00 ms.
Initialize engine version: 2020.3.17f1 (a4537701e4ab)
[Subsystems] Discovering subsystems at path C:/Program Files/Unity/Hub/Editor/2020.3.17f1/Editor/Data/Resources/UnitySubsystems
[Subsystems] Discovering subsystems at path E:/FinalYear/GameJam/GameJam-SafetyGame/SafetyGame/Assets
GfxDevice: creating device client; threaded=0
Direct3D:
    Version:  Direct3D 11.0 [level 11.1]
    Renderer: Intel(R) UHD Graphics 620 (ID=0x3ea0)
    Vendor:   
    VRAM:     8079 MB
    Driver:   26.20.100.8141
Initialize mono
Mono path[0] = 'C:/Program Files/Unity/Hub/Editor/2020.3.17f1/Editor/Data/Managed'
Mono path[1] = 'C:/Program Files/Unity/Hub/Editor/2020.3.17f1/Editor/Data/MonoBleedingEdge/lib/mono/unityjit'
Mono config path = 'C:/Program Files/Unity/Hub/Editor/2020.3.17f1/Editor/Data/MonoBleedingEdge/etc'
Using monoOptions --debugger-agent=transport=dt_socket,embedding=1,server=y,suspend=n,address=127.0.0.1:56456
Begin MonoManager ReloadAssembly
Registering precompiled unity dll's ...
Register platform support module: C:/Program Files/Unity/Hub/Editor/2020.3.17f1/Editor/Data/PlaybackEngines/WebGLSupport/UnityEditor.WebGL.Extensions.dll
Register platform support module: C:/Program Files/Unity/Hub/Editor/2020.3.17f1/Editor/Data/PlaybackEngines/WindowsStandaloneSupport/UnityEditor.WindowsStandalone.Extensions.dll
Registered in 0.002080 seconds.
Native extension for WindowsStandalone target not found
Native extension for WebGL target not found
Refreshing native plugins compatible for Editor in 32.90 ms, found 2 plugins.
Preloading 0 native plugins for Editor in 0.00 ms.
Mono: successfully reloaded assembly
- Completed reload, in  2.130 seconds
Domain Reload Profiling:
	ReloadAssembly (2131ms)
		BeginReloadAssembly (55ms)
			ExecutionOrderSort (0ms)
			DisableScriptedObjects (0ms)
			BackupInstance (0ms)
			ReleaseScriptingObjects (0ms)
			CreateAndSetChildDomain (1ms)
		EndReloadAssembly (392ms)
			LoadAssemblies (53ms)
			RebuildTransferFunctionScriptingTraits (0ms)
			SetupTypeCache (135ms)
			ReleaseScriptCaches (0ms)
			RebuildScriptCaches (32ms)
			SetupLoadedEditorAssemblies (159ms)
				LogAssemblyErrors (0ms)
				InitializePlatformSupportModulesInManaged (5ms)
				SetLoadedEditorAssemblies (0ms)
				RefreshPlugins (33ms)
				BeforeProcessingInitializeOnLoad (15ms)
				ProcessInitializeOnLoadAttributes (82ms)
				ProcessInitializeOnLoadMethodAttributes (24ms)
				AfterProcessingInitializeOnLoad (0ms)
				EditorAssembliesLoaded (0ms)
			ExecutionOrderSort2 (0ms)
			AwakeInstancesAfterBackupRestoration (0ms)
Platform modules already initialized, skipping
Registering precompiled user dll's ...
Registered in 0.002997 seconds.
Begin MonoManager ReloadAssembly
Native extension for WindowsStandalone target not found
Native extension for WebGL target not found
Refreshing native plugins compatible for Editor in 0.47 ms, found 2 plugins.
Preloading 0 native plugins for Editor in 0.00 ms.
Mono: successfully reloaded assembly
- Completed reload, in  1.040 seconds
Domain Reload Profiling:
	ReloadAssembly (1041ms)
		BeginReloadAssembly (132ms)
			ExecutionOrderSort (0ms)
			DisableScriptedObjects (4ms)
			BackupInstance (0ms)
			ReleaseScriptingObjects (0ms)
			CreateAndSetChildDomain (17ms)
		EndReloadAssembly (855ms)
			LoadAssemblies (79ms)
			RebuildTransferFunctionScriptingTraits (0ms)
			SetupTypeCache (255ms)
			ReleaseScriptCaches (0ms)
			RebuildScriptCaches (52ms)
			SetupLoadedEditorAssemblies (389ms)
				LogAssemblyErrors (0ms)
				InitializePlatformSupportModulesInManaged (6ms)
				SetLoadedEditorAssemblies (0ms)
				RefreshPlugins (1ms)
				BeforeProcessingInitializeOnLoad (82ms)
				ProcessInitializeOnLoadAttributes (291ms)
				ProcessInitializeOnLoadMethodAttributes (4ms)
				AfterProcessingInitializeOnLoad (5ms)
				EditorAssembliesLoaded (0ms)
			ExecutionOrderSort2 (0ms)
			AwakeInstancesAfterBackupRestoration (6ms)
Platform modules already initialized, skipping
========================================================================
Worker process is ready to serve import requests
Launched and connected shader compiler UnityShaderCompiler.exe after 0.04 seconds
Refreshing native plugins compatible for Editor in 0.44 ms, found 2 plugins.
Preloading 0 native plugins for Editor in 0.00 ms.
Unloading 1826 Unused Serialized files (Serialized files now loaded: 0)
System memory in use before: 96.1 MB.
System memory in use after: 96.1 MB.

Unloading 19 unused Assets to reduce memory usage. Loaded Objects now: 2278.
Total: 3.209500 ms (FindLiveObjects: 0.168800 ms CreateObjectMapping: 0.047600 ms MarkObjects: 2.806200 ms  DeleteObjects: 0.186200 ms)

AssetImportParameters requested are different than current active one (requested -> active):
  custom:framework-win-MediaFoundation: 216162199b28c13a410421893ffa2e32 -> 
  custom:video-decoder-ogg-theora: a1e56fd34408186e4bbccfd4996cb3dc -> 
  custom:container-muxer-webm: aa71ff27fc2769a1b78a27578f13a17b -> 
  custom:container-demuxer-webm: 4f35f7cbe854078d1ac9338744f61a02 -> 
  custom:container-demuxer-ogg: 62fdf1f143b41e24485cea50d1cbac27 -> 
  custom:video-encoder-webm-vp8: eb34c28f22e8b96e1ab97ce403110664 -> 
  custom:video-codec-MediaFoundation-h265: 746d11721c4dcdbdad8f713fa42b33f4 -> 
  custom:video-decoder-webm-vp8: 9c59270c3fd7afecdb556c50c9e8de78 -> 
  custom:audio-decoder-ogg-vorbis: bf7c407c2cedff20999df2af8eb42d56 -> 
  custom:audio-encoder-webm-vorbis: bf7c407c2cedff20999df2af8eb42d56 -> 
========================================================================
Received Import Request.
  path: Assets/Prefabs/hammer.prefab
  artifactKey: Guid(8a4fae01d56c9ca4b9112a58f7b70c0f) Importer(815301076,1909f56bfc062723c751e8b465ee728b)
Start importing Assets/Prefabs/hammer.prefab using Guid(8a4fae01d56c9ca4b9112a58f7b70c0f) Importer(815301076,1909f56bfc062723c751e8b465ee728b)  -> (artifact id: '896703734ffc4e51392c4faaa6ec0b73') in 0.080553 seconds 
  Import took 0.083493 seconds .

========================================================================
Received Import Request.
  Time since last request: 442.298204 seconds.
  path: Assets/Prefabs/axe.prefab
  artifactKey: Guid(7959a64304224ab4faca5e95a4222309) Importer(815301076,1909f56bfc062723c751e8b465ee728b)
Start importing Assets/Prefabs/axe.prefab using Guid(7959a64304224ab4faca5e95a4222309) Importer(815301076,1909f56bfc062723c751e8b465ee728b)  -> (artifact id: '86f6192e4d114f14fc7397baf435dde0') in 0.021791 seconds 
  Import took 0.028986 seconds .

========================================================================
Received Import Request.
  Time since last request: 0.000326 seconds.
  path: Assets/Stephanie/containersgroup.fbx
  artifactKey: Guid(8ef8638761896ca42902877834b2858f) Importer(815301076,1909f56bfc062723c751e8b465ee728b)
Start importing Assets/Stephanie/containersgroup.fbx using Guid(8ef8638761896ca42902877834b2858f) Importer(815301076,1909f56bfc062723c751e8b465ee728b)  -> (artifact id: '66879a8dba66915f9de5098191af438e') in 0.267476 seconds 
  Import took 0.270844 seconds .

========================================================================
Received Import Request.
  Time since last request: 0.000315 seconds.
  path: Assets/Stephanie/containerred.fbx
  artifactKey: Guid(cee73b28060111b41af83f0b326b374f) Importer(815301076,1909f56bfc062723c751e8b465ee728b)
Start importing Assets/Stephanie/containerred.fbx using Guid(cee73b28060111b41af83f0b326b374f) Importer(815301076,1909f56bfc062723c751e8b465ee728b)  -> (artifact id: 'd242df06d0a21fb4c9a44b455215d3d8') in 0.098162 seconds 
  Import took 0.101682 seconds .

========================================================================
Received Import Request.
  Time since last request: 0.000526 seconds.
  path: Assets/Stephanie/ground.fbx
  artifactKey: Guid(dde3297a006a1bc43a66c1a492ed0bab) Importer(815301076,1909f56bfc062723c751e8b465ee728b)
Start importing Assets/Stephanie/ground.fbx using Guid(dde3297a006a1bc43a66c1a492ed0bab) Importer(815301076,1909f56bfc062723c751e8b465ee728b)  -> (artifact id: '69f8fa33027d0ae3a3ea5a1822773090') in 0.131169 seconds 
  Import took 0.138722 seconds .

========================================================================
Received Import Request.
  Time since last request: 0.000362 seconds.
  path: Assets/Stephanie/car.fbx
  artifactKey: Guid(390bd320affbacd44b1269ab49336401) Importer(815301076,1909f56bfc062723c751e8b465ee728b)
Start importing Assets/Stephanie/car.fbx using Guid(390bd320affbacd44b1269ab49336401) Importer(815301076,1909f56bfc062723c751e8b465ee728b)  -> (artifact id: '850617f686bfc45b4196a94680e2869a') in 0.105179 seconds 
  Import took 0.109099 seconds .

========================================================================
Received Import Request.
  Time since last request: 0.000634 seconds.
  path: Assets/Stephanie/cane3.fbx
  artifactKey: Guid(3f21c7d646100db4da91697ac44a38a3) Importer(815301076,1909f56bfc062723c751e8b465ee728b)
Start importing Assets/Stephanie/cane3.fbx using Guid(3f21c7d646100db4da91697ac44a38a3) Importer(815301076,1909f56bfc062723c751e8b465ee728b)  -> (artifact id: 'c0daf804bdf17bd5a2a5bf0140e9ae29') in 0.193624 seconds 
  Import took 0.203758 seconds .

========================================================================
Received Import Request.
  Time since last request: 0.000884 seconds.
  path: Assets/Stephanie/ground1.fbx
  artifactKey: Guid(f32a4877152722644a1b05eaab74b22d) Importer(815301076,1909f56bfc062723c751e8b465ee728b)
Start importing Assets/Stephanie/ground1.fbx using Guid(f32a4877152722644a1b05eaab74b22d) Importer(815301076,1909f56bfc062723c751e8b465ee728b)  -> (artifact id: '2e0f1bda29ba064ac337508e18989ca7') in 0.123900 seconds 
  Import took 0.132670 seconds .

========================================================================
Received Import Request.
  Time since last request: 0.000456 seconds.
  path: Assets/Stephanie/animationsMaximo/Yellowhelmet/Talking (1).fbx
  artifactKey: Guid(55d2c60af1ca24e4ab05c66ddd962a79) Importer(815301076,1909f56bfc062723c751e8b465ee728b)
Start importing Assets/Stephanie/animationsMaximo/Yellowhelmet/Talking (1).fbx using Guid(55d2c60af1ca24e4ab05c66ddd962a79) Importer(815301076,1909f56bfc062723c751e8b465ee728b)  -> (artifact id: 'a12122405645304f19faf9d80c50499c') in 0.177636 seconds 
  Import took 0.184901 seconds .

========================================================================
Received Import Request.
  Time since last request: 0.000638 seconds.
  path: Assets/Stephanie/car2.fbx
  artifactKey: Guid(ead97da8010d58e499cdc7575be24c33) Importer(815301076,1909f56bfc062723c751e8b465ee728b)
Start importing Assets/Stephanie/car2.fbx using Guid(ead97da8010d58e499cdc7575be24c33) Importer(815301076,1909f56bfc062723c751e8b465ee728b)  -> (artifact id: 'd87765efd16f71c0cd6c9d83a3e0c86d') in 0.061453 seconds 
  Import took 0.069988 seconds .

========================================================================
Received Import Request.
  Time since last request: 0.001012 seconds.
  path: Assets/Stephanie/containers2.fbx
  artifactKey: Guid(059fe09fc6fe2b4439c346d07fc61fc6) Importer(815301076,1909f56bfc062723c751e8b465ee728b)
Start importing Assets/Stephanie/containers2.fbx using Guid(059fe09fc6fe2b4439c346d07fc61fc6) Importer(815301076,1909f56bfc062723c751e8b465ee728b)  -> (artifact id: '1a732ddb81dbf7637c1ea820af8cf9b0') in 0.070856 seconds 
  Import took 0.080589 seconds .

========================================================================
Received Import Request.
  Time since last request: 0.000548 seconds.
  path: Assets/Stephanie/mountainew.fbx
  artifactKey: Guid(b290e575c5822af43bff569dc905470d) Importer(815301076,1909f56bfc062723c751e8b465ee728b)
Start importing Assets/Stephanie/mountainew.fbx using Guid(b290e575c5822af43bff569dc905470d) Importer(815301076,1909f56bfc062723c751e8b465ee728b)  -> (artifact id: 'f2f925b39fa104037fead174be6b51bd') in 0.060155 seconds 
  Import took 0.067755 seconds .

========================================================================
Received Import Request.
  Time since last request: 0.001004 seconds.
  path: Assets/Stephanie/animationsMaximo/Yellowhelmet/Standing Arguing.fbx
  artifactKey: Guid(dc93e5d93633154479ab6c2f83cbfa42) Importer(815301076,1909f56bfc062723c751e8b465ee728b)
Start importing Assets/Stephanie/animationsMaximo/Yellowhelmet/Standing Arguing.fbx using Guid(dc93e5d93633154479ab6c2f83cbfa42) Importer(815301076,1909f56bfc062723c751e8b465ee728b)  -> (artifact id: '2f483649028353149b25aaf3b306c27f') in 0.156758 seconds 
  Import took 0.176538 seconds .

========================================================================
Received Prepare
Registering precompiled user dll's ...
Registered in 0.002781 seconds.
Begin MonoManager ReloadAssembly
Native extension for WindowsStandalone target not found
Native extension for WebGL target not found
Refreshing native plugins compatible for Editor in 0.39 ms, found 2 plugins.
Preloading 0 native plugins for Editor in 0.00 ms.
Mono: successfully reloaded assembly
- Completed reload, in  1.025 seconds
Domain Reload Profiling:
	ReloadAssembly (1025ms)
		BeginReloadAssembly (126ms)
			ExecutionOrderSort (0ms)
			DisableScriptedObjects (4ms)
			BackupInstance (0ms)
			ReleaseScriptingObjects (0ms)
			CreateAndSetChildDomain (34ms)
		EndReloadAssembly (842ms)
			LoadAssemblies (79ms)
			RebuildTransferFunctionScriptingTraits (0ms)
			SetupTypeCache (242ms)
			ReleaseScriptCaches (1ms)
			RebuildScriptCaches (47ms)
			SetupLoadedEditorAssemblies (389ms)
				LogAssemblyErrors (0ms)
				InitializePlatformSupportModulesInManaged (6ms)
				SetLoadedEditorAssemblies (0ms)
				RefreshPlugins (0ms)
				BeforeProcessingInitializeOnLoad (81ms)
				ProcessInitializeOnLoadAttributes (291ms)
				ProcessInitializeOnLoadMethodAttributes (3ms)
				AfterProcessingInitializeOnLoad (6ms)
				EditorAssembliesLoaded (0ms)
			ExecutionOrderSort2 (0ms)
			AwakeInstancesAfterBackupRestoration (7ms)
Platform modules already initialized, skipping
Refreshing native plugins compatible for Editor in 0.46 ms, found 2 plugins.
Preloading 0 native plugins for Editor in 0.00 ms.
Unloading 1798 Unused Serialized files (Serialized files now loaded: 0)
System memory in use before: 110.8 MB.
System memory in use after: 110.9 MB.

Unloading 14 unused Assets to reduce memory usage. Loaded Objects now: 2324.
Total: 3.390400 ms (FindLiveObjects: 0.205200 ms CreateObjectMapping: 0.067300 ms MarkObjects: 3.000300 ms  DeleteObjects: 0.116800 ms)

AssetImportParameters requested are different than current active one (requested -> active):
  custom:framework-win-MediaFoundation: 216162199b28c13a410421893ffa2e32 -> 
  custom:video-decoder-ogg-theora: a1e56fd34408186e4bbccfd4996cb3dc -> 
  custom:container-muxer-webm: aa71ff27fc2769a1b78a27578f13a17b -> 
  custom:container-demuxer-webm: 4f35f7cbe854078d1ac9338744f61a02 -> 
  custom:container-demuxer-ogg: 62fdf1f143b41e24485cea50d1cbac27 -> 
  custom:video-encoder-webm-vp8: eb34c28f22e8b96e1ab97ce403110664 -> 
  custom:video-codec-MediaFoundation-h265: 746d11721c4dcdbdad8f713fa42b33f4 -> 
  custom:video-decoder-webm-vp8: 9c59270c3fd7afecdb556c50c9e8de78 -> 
  custom:audio-decoder-ogg-vorbis: bf7c407c2cedff20999df2af8eb42d56 -> 
  custom:audio-encoder-webm-vorbis: bf7c407c2cedff20999df2af8eb42d56 -> 
========================================================================
Received Prepare
Registering precompiled user dll's ...
Registered in 0.002858 seconds.
Begin MonoManager ReloadAssembly
Native extension for WindowsStandalone target not found
Native extension for WebGL target not found
Refreshing native plugins compatible for Editor in 0.40 ms, found 2 plugins.
Preloading 0 native plugins for Editor in 0.00 ms.
Mono: successfully reloaded assembly
- Completed reload, in  1.109 seconds
Domain Reload Profiling:
	ReloadAssembly (1109ms)
		BeginReloadAssembly (129ms)
			ExecutionOrderSort (0ms)
			DisableScriptedObjects (5ms)
			BackupInstance (0ms)
			ReleaseScriptingObjects (0ms)
			CreateAndSetChildDomain (36ms)
		EndReloadAssembly (917ms)
			LoadAssemblies (89ms)
			RebuildTransferFunctionScriptingTraits (0ms)
			SetupTypeCache (264ms)
			ReleaseScriptCaches (1ms)
			RebuildScriptCaches (50ms)
			SetupLoadedEditorAssemblies (429ms)
				LogAssemblyErrors (0ms)
				InitializePlatformSupportModulesInManaged (6ms)
				SetLoadedEditorAssemblies (0ms)
				RefreshPlugins (0ms)
				BeforeProcessingInitializeOnLoad (88ms)
				ProcessInitializeOnLoadAttributes (323ms)
				ProcessInitializeOnLoadMethodAttributes (3ms)
				AfterProcessingInitializeOnLoad (6ms)
				EditorAssembliesLoaded (0ms)
			ExecutionOrderSort2 (0ms)
			AwakeInstancesAfterBackupRestoration (7ms)
Platform modules already initialized, skipping
Refreshing native plugins compatible for Editor in 0.40 ms, found 2 plugins.
Preloading 0 native plugins for Editor in 0.00 ms.
Unloading 1798 Unused Serialized files (Serialized files now loaded: 0)
System memory in use before: 110.8 MB.
System memory in use after: 110.9 MB.

Unloading 14 unused Assets to reduce memory usage. Loaded Objects now: 2326.
Total: 3.127500 ms (FindLiveObjects: 0.160900 ms CreateObjectMapping: 0.050400 ms MarkObjects: 2.791900 ms  DeleteObjects: 0.123000 ms)

AssetImportParameters requested are different than current active one (requested -> active):
  custom:framework-win-MediaFoundation: 216162199b28c13a410421893ffa2e32 -> 
  custom:video-decoder-ogg-theora: a1e56fd34408186e4bbccfd4996cb3dc -> 
  custom:container-muxer-webm: aa71ff27fc2769a1b78a27578f13a17b -> 
  custom:container-demuxer-webm: 4f35f7cbe854078d1ac9338744f61a02 -> 
  custom:container-demuxer-ogg: 62fdf1f143b41e24485cea50d1cbac27 -> 
  custom:video-encoder-webm-vp8: eb34c28f22e8b96e1ab97ce403110664 -> 
  custom:video-codec-MediaFoundation-h265: 746d11721c4dcdbdad8f713fa42b33f4 -> 
  custom:video-decoder-webm-vp8: 9c59270c3fd7afecdb556c50c9e8de78 -> 
  custom:audio-decoder-ogg-vorbis: bf7c407c2cedff20999df2af8eb42d56 -> 
  custom:audio-encoder-webm-vorbis: bf7c407c2cedff20999df2af8eb42d56 -> 
AssetImportWorkerClient::OnTransportError - code=2 error=End of file
