Using pre-set license
Built from '2020.3/staging' branch; Version is '2020.3.17f1 (a4537701e4ab) revision 10769271'; Using compiler version '192528614'; Build Type 'Release'
OS: 'Windows 10 Home; OS build 19042.1237; Version 2009; 64bit' Language: 'en' Physical Memory: 16159 MB
BatchMode: 1, IsHumanControllingUs: 0, StartBugReporterOnCrash: 0, Is64bit: 1, IsPro: 0

COMMAND LINE ARGUMENTS:
C:\Program Files\Unity\Hub\Editor\2020.3.17f1\Editor\Unity.exe
-adb2
-batchMode
-noUpm
-name
AssetImportWorker0
-projectPath
E:/FinalYear/GameJam/GameJam-SafetyGame/SafetyGame
-logFile
Logs/AssetImportWorker0.log
-srvPort
50269
Successfully changed project path to: E:/FinalYear/GameJam/GameJam-SafetyGame/SafetyGame
E:/FinalYear/GameJam/GameJam-SafetyGame/SafetyGame
Using Asset Import Pipeline V2.
Refreshing native plugins compatible for Editor in 32.00 ms, found 2 plugins.
Preloading 0 native plugins for Editor in 0.00 ms.
Initialize engine version: 2020.3.17f1 (a4537701e4ab)
[Subsystems] Discovering subsystems at path C:/Program Files/Unity/Hub/Editor/2020.3.17f1/Editor/Data/Resources/UnitySubsystems
[Subsystems] Discovering subsystems at path E:/FinalYear/GameJam/GameJam-SafetyGame/SafetyGame/Assets
GfxDevice: creating device client; threaded=0
Direct3D:
    Version:  Direct3D 11.0 [level 11.1]
    Renderer: Intel(R) UHD Graphics 620 (ID=0x3ea0)
    Vendor:   
    VRAM:     8079 MB
    Driver:   26.20.100.8141
Initialize mono
Mono path[0] = 'C:/Program Files/Unity/Hub/Editor/2020.3.17f1/Editor/Data/Managed'
Mono path[1] = 'C:/Program Files/Unity/Hub/Editor/2020.3.17f1/Editor/Data/MonoBleedingEdge/lib/mono/unityjit'
Mono config path = 'C:/Program Files/Unity/Hub/Editor/2020.3.17f1/Editor/Data/MonoBleedingEdge/etc'
Using monoOptions --debugger-agent=transport=dt_socket,embedding=1,server=y,suspend=n,address=127.0.0.1:56844
Begin MonoManager ReloadAssembly
Registering precompiled unity dll's ...
Register platform support module: C:/Program Files/Unity/Hub/Editor/2020.3.17f1/Editor/Data/PlaybackEngines/WebGLSupport/UnityEditor.WebGL.Extensions.dll
Register platform support module: C:/Program Files/Unity/Hub/Editor/2020.3.17f1/Editor/Data/PlaybackEngines/WindowsStandaloneSupport/UnityEditor.WindowsStandalone.Extensions.dll
Registered in 0.002127 seconds.
Native extension for WindowsStandalone target not found
Native extension for WebGL target not found
Refreshing native plugins compatible for Editor in 32.41 ms, found 2 plugins.
Preloading 0 native plugins for Editor in 0.00 ms.
Mono: successfully reloaded assembly
- Completed reload, in  1.965 seconds
Domain Reload Profiling:
	ReloadAssembly (1965ms)
		BeginReloadAssembly (52ms)
			ExecutionOrderSort (0ms)
			DisableScriptedObjects (0ms)
			BackupInstance (0ms)
			ReleaseScriptingObjects (0ms)
			CreateAndSetChildDomain (1ms)
		EndReloadAssembly (387ms)
			LoadAssemblies (50ms)
			RebuildTransferFunctionScriptingTraits (0ms)
			SetupTypeCache (137ms)
			ReleaseScriptCaches (0ms)
			RebuildScriptCaches (33ms)
			SetupLoadedEditorAssemblies (151ms)
				LogAssemblyErrors (0ms)
				InitializePlatformSupportModulesInManaged (5ms)
				SetLoadedEditorAssemblies (0ms)
				RefreshPlugins (32ms)
				BeforeProcessingInitializeOnLoad (15ms)
				ProcessInitializeOnLoadAttributes (73ms)
				ProcessInitializeOnLoadMethodAttributes (25ms)
				AfterProcessingInitializeOnLoad (0ms)
				EditorAssembliesLoaded (0ms)
			ExecutionOrderSort2 (0ms)
			AwakeInstancesAfterBackupRestoration (0ms)
Platform modules already initialized, skipping
Registering precompiled user dll's ...
Registered in 0.002696 seconds.
Begin MonoManager ReloadAssembly
Native extension for WindowsStandalone target not found
Native extension for WebGL target not found
Refreshing native plugins compatible for Editor in 0.37 ms, found 2 plugins.
Preloading 0 native plugins for Editor in 0.00 ms.
Mono: successfully reloaded assembly
- Completed reload, in  1.062 seconds
Domain Reload Profiling:
	ReloadAssembly (1063ms)
		BeginReloadAssembly (135ms)
			ExecutionOrderSort (0ms)
			DisableScriptedObjects (5ms)
			BackupInstance (0ms)
			ReleaseScriptingObjects (0ms)
			CreateAndSetChildDomain (18ms)
		EndReloadAssembly (869ms)
			LoadAssemblies (81ms)
			RebuildTransferFunctionScriptingTraits (0ms)
			SetupTypeCache (246ms)
			ReleaseScriptCaches (0ms)
			RebuildScriptCaches (47ms)
			SetupLoadedEditorAssemblies (409ms)
				LogAssemblyErrors (0ms)
				InitializePlatformSupportModulesInManaged (6ms)
				SetLoadedEditorAssemblies (0ms)
				RefreshPlugins (0ms)
				BeforeProcessingInitializeOnLoad (83ms)
				ProcessInitializeOnLoadAttributes (311ms)
				ProcessInitializeOnLoadMethodAttributes (3ms)
				AfterProcessingInitializeOnLoad (5ms)
				EditorAssembliesLoaded (0ms)
			ExecutionOrderSort2 (0ms)
			AwakeInstancesAfterBackupRestoration (8ms)
Platform modules already initialized, skipping
========================================================================
Worker process is ready to serve import requests
Launched and connected shader compiler UnityShaderCompiler.exe after 0.04 seconds
Refreshing native plugins compatible for Editor in 0.38 ms, found 2 plugins.
Preloading 0 native plugins for Editor in 0.00 ms.
Unloading 1815 Unused Serialized files (Serialized files now loaded: 0)
System memory in use before: 95.4 MB.
System memory in use after: 95.4 MB.

Unloading 19 unused Assets to reduce memory usage. Loaded Objects now: 2264.
Total: 2.887200 ms (FindLiveObjects: 0.164000 ms CreateObjectMapping: 0.044800 ms MarkObjects: 2.523500 ms  DeleteObjects: 0.153700 ms)

AssetImportParameters requested are different than current active one (requested -> active):
  custom:framework-win-MediaFoundation: 216162199b28c13a410421893ffa2e32 -> 
  custom:video-decoder-ogg-theora: a1e56fd34408186e4bbccfd4996cb3dc -> 
  custom:container-muxer-webm: aa71ff27fc2769a1b78a27578f13a17b -> 
  custom:container-demuxer-webm: 4f35f7cbe854078d1ac9338744f61a02 -> 
  custom:container-demuxer-ogg: 62fdf1f143b41e24485cea50d1cbac27 -> 
  custom:video-encoder-webm-vp8: eb34c28f22e8b96e1ab97ce403110664 -> 
  custom:video-codec-MediaFoundation-h265: 746d11721c4dcdbdad8f713fa42b33f4 -> 
  custom:video-decoder-webm-vp8: 9c59270c3fd7afecdb556c50c9e8de78 -> 
  custom:audio-decoder-ogg-vorbis: bf7c407c2cedff20999df2af8eb42d56 -> 
  custom:audio-encoder-webm-vorbis: bf7c407c2cedff20999df2af8eb42d56 -> 
========================================================================
Received Import Request.
  path: Assets/Prefabs/Player.prefab
  artifactKey: Guid(69a9a7d9b070eea45ba390783ed3e280) Importer(815301076,1909f56bfc062723c751e8b465ee728b)
Start importing Assets/Prefabs/Player.prefab using Guid(69a9a7d9b070eea45ba390783ed3e280) Importer(815301076,1909f56bfc062723c751e8b465ee728b)  -> (artifact id: '1a45291531fe54a5ebe2115330874b9e') in 0.101978 seconds 
  Import took 0.105161 seconds .

========================================================================
Received Import Request.
  Time since last request: 23.483012 seconds.
  path: Assets/Stephanie/animationsMaximo/withbucket/Climbing To Top.fbx
  artifactKey: Guid(be3defd8c64c88e40bc3592ef2d99f0f) Importer(815301076,1909f56bfc062723c751e8b465ee728b)
Start importing Assets/Stephanie/animationsMaximo/withbucket/Climbing To Top.fbx using Guid(be3defd8c64c88e40bc3592ef2d99f0f) Importer(815301076,1909f56bfc062723c751e8b465ee728b)  -> (artifact id: '14f64b39aecb01e2dfb4f39b7abbaf8e') in 0.144795 seconds 
  Import took 0.148330 seconds .

========================================================================
Received Import Request.
  Time since last request: 3.065983 seconds.
  path: Assets/Stephanie/animationsMaximo/withbucket/FallingFlat.fbx
  artifactKey: Guid(5bd5d426ae93c6145acbc2ee9ea9adbc) Importer(815301076,1909f56bfc062723c751e8b465ee728b)
Start importing Assets/Stephanie/animationsMaximo/withbucket/FallingFlat.fbx using Guid(5bd5d426ae93c6145acbc2ee9ea9adbc) Importer(815301076,1909f56bfc062723c751e8b465ee728b)  -> (artifact id: '5a7cf2c26cd8588559b7d19be933bd29') in 0.096708 seconds 
  Import took 0.100839 seconds .

========================================================================
Received Import Request.
  Time since last request: 7.794382 seconds.
  path: Assets/Stephanie/animationsMaximo/withbucket/Joyful Jump.fbx
  artifactKey: Guid(6c23b6969d845e94e9de01b34de6a4f0) Importer(815301076,1909f56bfc062723c751e8b465ee728b)
Start importing Assets/Stephanie/animationsMaximo/withbucket/Joyful Jump.fbx using Guid(6c23b6969d845e94e9de01b34de6a4f0) Importer(815301076,1909f56bfc062723c751e8b465ee728b)  -> (artifact id: '5c7f12439a2231407e20651fcec7ecf4') in 0.099390 seconds 
  Import took 0.105612 seconds .

========================================================================
Received Import Request.
  Time since last request: 7.230669 seconds.
  path: Assets/Stephanie/animationsMaximo/withbucket/Start Climbing Ladder.fbx
  artifactKey: Guid(fa93b09b0ac573240a6364b05c1d6c8d) Importer(815301076,1909f56bfc062723c751e8b465ee728b)
Start importing Assets/Stephanie/animationsMaximo/withbucket/Start Climbing Ladder.fbx using Guid(fa93b09b0ac573240a6364b05c1d6c8d) Importer(815301076,1909f56bfc062723c751e8b465ee728b)  -> (artifact id: 'f07228af0a1646ddf190536e4a943d3b') in 0.115388 seconds 
  Import took 0.119864 seconds .

========================================================================
Received Import Request.
  Time since last request: 2.496806 seconds.
  path: Assets/Stephanie/animationsMaximo/withbucket/Start Walking.fbx
  artifactKey: Guid(4d6423a36960c184f823181f38c18b33) Importer(815301076,1909f56bfc062723c751e8b465ee728b)
Start importing Assets/Stephanie/animationsMaximo/withbucket/Start Walking.fbx using Guid(4d6423a36960c184f823181f38c18b33) Importer(815301076,1909f56bfc062723c751e8b465ee728b)  -> (artifact id: '342a50b1d1809e167915a9b8732bb526') in 0.112160 seconds 
  Import took 0.116711 seconds .

========================================================================
Received Import Request.
  Time since last request: 1.834928 seconds.
  path: Assets/Stephanie/animationsMaximo/withbucket/T-Pose.fbx
  artifactKey: Guid(c9dafd83981951d45a46f63e551059bb) Importer(815301076,1909f56bfc062723c751e8b465ee728b)
Start importing Assets/Stephanie/animationsMaximo/withbucket/T-Pose.fbx using Guid(c9dafd83981951d45a46f63e551059bb) Importer(815301076,1909f56bfc062723c751e8b465ee728b)  -> (artifact id: '907a0cee04f319eb46a0fdeff4132d7e') in 0.172824 seconds 
  Import took 0.178538 seconds .

========================================================================
Received Import Request.
  Time since last request: 177.350563 seconds.
  path: Assets/Stephanie/animationsMaximo/PlayerAnimController.controller
  artifactKey: Guid(037a43cf4cec4f44ea9f1d851b143632) Importer(815301076,1909f56bfc062723c751e8b465ee728b)
Start importing Assets/Stephanie/animationsMaximo/PlayerAnimController.controller using Guid(037a43cf4cec4f44ea9f1d851b143632) Importer(815301076,1909f56bfc062723c751e8b465ee728b)  -> (artifact id: '8e193d3e881601f71aa203e3533856c4') in 0.013272 seconds 
  Import took 0.016412 seconds .

========================================================================
Received Import Request.
  Time since last request: 0.000503 seconds.
  path: Assets/Stephanie/animationsMaximo/PlayerAnimController.controller
  artifactKey: Guid(037a43cf4cec4f44ea9f1d851b143632) Importer(815301076,1909f56bfc062723c751e8b465ee728b)
Start importing Assets/Stephanie/animationsMaximo/PlayerAnimController.controller using Guid(037a43cf4cec4f44ea9f1d851b143632) Importer(815301076,1909f56bfc062723c751e8b465ee728b)  -> (artifact id: '8e193d3e881601f71aa203e3533856c4') in 0.010603 seconds 
  Import took 0.013988 seconds .

========================================================================
Received Import Request.
  Time since last request: 130.579876 seconds.
  path: Assets/Stephanie/animationsMaximo/Yellowhelmet
  artifactKey: Guid(60e855e9c0fb0f146ad494f2952a69f8) Importer(815301076,1909f56bfc062723c751e8b465ee728b)
Start importing Assets/Stephanie/animationsMaximo/Yellowhelmet using Guid(60e855e9c0fb0f146ad494f2952a69f8) Importer(815301076,1909f56bfc062723c751e8b465ee728b)  -> (artifact id: 'a7f38fed2c5beb0ed870fab99fb3a69d') in 2.993489 seconds 
  Import took 2.998309 seconds .

========================================================================
Received Import Request.
  Time since last request: 62.663270 seconds.
  path: Assets/Stephanie/animationsMaximo/Yellowhelmet/Sitting Rubbing Armyellow.fbx
  artifactKey: Guid(b72c7da001ddeca4fa049b4e7713ad38) Importer(815301076,1909f56bfc062723c751e8b465ee728b)
Start importing Assets/Stephanie/animationsMaximo/Yellowhelmet/Sitting Rubbing Armyellow.fbx using Guid(b72c7da001ddeca4fa049b4e7713ad38) Importer(815301076,1909f56bfc062723c751e8b465ee728b)  -> (artifact id: 'c17a21b5fe7eedc7a38e00c5e9ed82c4') in 0.104064 seconds 
  Import took 0.107864 seconds .

========================================================================
Received Prepare
Registering precompiled user dll's ...
Registered in 0.003212 seconds.
Begin MonoManager ReloadAssembly
Native extension for WindowsStandalone target not found
Native extension for WebGL target not found
Refreshing native plugins compatible for Editor in 0.37 ms, found 2 plugins.
Preloading 0 native plugins for Editor in 0.00 ms.
Mono: successfully reloaded assembly
- Completed reload, in  1.009 seconds
Domain Reload Profiling:
	ReloadAssembly (1009ms)
		BeginReloadAssembly (142ms)
			ExecutionOrderSort (0ms)
			DisableScriptedObjects (4ms)
			BackupInstance (0ms)
			ReleaseScriptingObjects (0ms)
			CreateAndSetChildDomain (38ms)
		EndReloadAssembly (812ms)
			LoadAssemblies (81ms)
			RebuildTransferFunctionScriptingTraits (0ms)
			SetupTypeCache (243ms)
			ReleaseScriptCaches (1ms)
			RebuildScriptCaches (47ms)
			SetupLoadedEditorAssemblies (363ms)
				LogAssemblyErrors (0ms)
				InitializePlatformSupportModulesInManaged (6ms)
				SetLoadedEditorAssemblies (0ms)
				RefreshPlugins (0ms)
				BeforeProcessingInitializeOnLoad (81ms)
				ProcessInitializeOnLoadAttributes (267ms)
				ProcessInitializeOnLoadMethodAttributes (3ms)
				AfterProcessingInitializeOnLoad (6ms)
				EditorAssembliesLoaded (0ms)
			ExecutionOrderSort2 (0ms)
			AwakeInstancesAfterBackupRestoration (6ms)
Platform modules already initialized, skipping
Refreshing native plugins compatible for Editor in 0.39 ms, found 2 plugins.
Preloading 0 native plugins for Editor in 0.00 ms.
Unloading 1787 Unused Serialized files (Serialized files now loaded: 0)
System memory in use before: 110.1 MB.
System memory in use after: 110.2 MB.

Unloading 14 unused Assets to reduce memory usage. Loaded Objects now: 2310.
Total: 2.725100 ms (FindLiveObjects: 0.183200 ms CreateObjectMapping: 0.044000 ms MarkObjects: 2.385100 ms  DeleteObjects: 0.112000 ms)

AssetImportParameters requested are different than current active one (requested -> active):
  custom:framework-win-MediaFoundation: 216162199b28c13a410421893ffa2e32 -> 
  custom:video-decoder-ogg-theora: a1e56fd34408186e4bbccfd4996cb3dc -> 
  custom:container-muxer-webm: aa71ff27fc2769a1b78a27578f13a17b -> 
  custom:container-demuxer-webm: 4f35f7cbe854078d1ac9338744f61a02 -> 
  custom:container-demuxer-ogg: 62fdf1f143b41e24485cea50d1cbac27 -> 
  custom:video-encoder-webm-vp8: eb34c28f22e8b96e1ab97ce403110664 -> 
  custom:video-codec-MediaFoundation-h265: 746d11721c4dcdbdad8f713fa42b33f4 -> 
  custom:video-decoder-webm-vp8: 9c59270c3fd7afecdb556c50c9e8de78 -> 
  custom:audio-decoder-ogg-vorbis: bf7c407c2cedff20999df2af8eb42d56 -> 
  custom:audio-encoder-webm-vorbis: bf7c407c2cedff20999df2af8eb42d56 -> 
========================================================================
Received Import Request.
  Time since last request: 60.927481 seconds.
  path: Assets/Stephanie/animationsMaximo/Yellowhelmet/New Animator Controller.controller
  artifactKey: Guid(26db1a06a0f91654890a1861331a0d9a) Importer(815301076,1909f56bfc062723c751e8b465ee728b)
Start importing Assets/Stephanie/animationsMaximo/Yellowhelmet/New Animator Controller.controller using Guid(26db1a06a0f91654890a1861331a0d9a) Importer(815301076,1909f56bfc062723c751e8b465ee728b)  -> (artifact id: 'b36a932b2c8c8be7675b58e909659ba3') in 0.013743 seconds 
  Import took 0.016334 seconds .

========================================================================
Received Import Request.
  Time since last request: 2.106693 seconds.
  path: Assets/Stephanie/animationsMaximo/Yellowhelmet/New Animator Controller.controller
  artifactKey: Guid(26db1a06a0f91654890a1861331a0d9a) Importer(815301076,1909f56bfc062723c751e8b465ee728b)
Start importing Assets/Stephanie/animationsMaximo/Yellowhelmet/New Animator Controller.controller using Guid(26db1a06a0f91654890a1861331a0d9a) Importer(815301076,1909f56bfc062723c751e8b465ee728b)  -> (artifact id: '9655a0fa26b8f44c9767098dd6853f94') in 0.006935 seconds 
  Import took 0.010297 seconds .

AssetImportWorkerClient::OnTransportError - code=2 error=End of file
